{"total": {"lines":{"total":733,"covered":634,"skipped":0,"pct":86.49},"statements":{"total":765,"covered":666,"skipped":0,"pct":87.05},"functions":{"total":136,"covered":122,"skipped":0,"pct":89.7},"branches":{"total":219,"covered":166,"skipped":0,"pct":75.79},"branchesTrue":{"total":0,"covered":0,"skipped":0,"pct":100}}
,"/Users/orie/Desktop/Work/vc-jwt-sd/src/Holder.ts": {"lines":{"total":18,"covered":17,"skipped":0,"pct":94.44},"functions":{"total":3,"covered":3,"skipped":0,"pct":100},"statements":{"total":19,"covered":18,"skipped":0,"pct":94.73},"branches":{"total":4,"covered":3,"skipped":0,"pct":75}}
,"/Users/orie/Desktop/Work/vc-jwt-sd/src/Issuer.ts": {"lines":{"total":32,"covered":32,"skipped":0,"pct":100},"functions":{"total":3,"covered":3,"skipped":0,"pct":100},"statements":{"total":33,"covered":33,"skipped":0,"pct":100},"branches":{"total":8,"covered":8,"skipped":0,"pct":100}}
,"/Users/orie/Desktop/Work/vc-jwt-sd/src/JWK.ts": {"lines":{"total":14,"covered":14,"skipped":0,"pct":100},"functions":{"total":4,"covered":4,"skipped":0,"pct":100},"statements":{"total":17,"covered":17,"skipped":0,"pct":100},"branches":{"total":0,"covered":0,"skipped":0,"pct":100}}
,"/Users/orie/Desktop/Work/vc-jwt-sd/src/JWS.ts": {"lines":{"total":12,"covered":12,"skipped":0,"pct":100},"functions":{"total":8,"covered":8,"skipped":0,"pct":100},"statements":{"total":14,"covered":14,"skipped":0,"pct":100},"branches":{"total":0,"covered":0,"skipped":0,"pct":100}}
,"/Users/orie/Desktop/Work/vc-jwt-sd/src/Parse.ts": {"lines":{"total":28,"covered":28,"skipped":0,"pct":100},"functions":{"total":5,"covered":5,"skipped":0,"pct":100},"statements":{"total":29,"covered":29,"skipped":0,"pct":100},"branches":{"total":8,"covered":7,"skipped":0,"pct":87.5}}
,"/Users/orie/Desktop/Work/vc-jwt-sd/src/Verifier.ts": {"lines":{"total":30,"covered":25,"skipped":0,"pct":83.33},"functions":{"total":6,"covered":6,"skipped":0,"pct":100},"statements":{"total":32,"covered":27,"skipped":0,"pct":84.37},"branches":{"total":10,"covered":4,"skipped":0,"pct":40}}
,"/Users/orie/Desktop/Work/vc-jwt-sd/src/_select_disclosures.ts": {"lines":{"total":54,"covered":48,"skipped":0,"pct":88.88},"functions":{"total":4,"covered":4,"skipped":0,"pct":100},"statements":{"total":54,"covered":48,"skipped":0,"pct":88.88},"branches":{"total":37,"covered":32,"skipped":0,"pct":86.48}}
,"/Users/orie/Desktop/Work/vc-jwt-sd/src/_unpack_disclosed_claims.ts": {"lines":{"total":33,"covered":31,"skipped":0,"pct":93.93},"functions":{"total":3,"covered":3,"skipped":0,"pct":100},"statements":{"total":33,"covered":31,"skipped":0,"pct":93.93},"branches":{"total":22,"covered":20,"skipped":0,"pct":90.9}}
,"/Users/orie/Desktop/Work/vc-jwt-sd/src/constants.ts": {"lines":{"total":8,"covered":8,"skipped":0,"pct":100},"functions":{"total":0,"covered":0,"skipped":0,"pct":100},"statements":{"total":8,"covered":8,"skipped":0,"pct":100},"branches":{"total":0,"covered":0,"skipped":0,"pct":100}}
,"/Users/orie/Desktop/Work/vc-jwt-sd/src/index.ts": {"lines":{"total":1,"covered":1,"skipped":0,"pct":100},"functions":{"total":0,"covered":0,"skipped":0,"pct":100},"statements":{"total":1,"covered":1,"skipped":0,"pct":100},"branches":{"total":0,"covered":0,"skipped":0,"pct":100}}
,"/Users/orie/Desktop/Work/vc-jwt-sd/src/web.ts": {"lines":{"total":16,"covered":3,"skipped":0,"pct":18.75},"functions":{"total":5,"covered":0,"skipped":0,"pct":0},"statements":{"total":16,"covered":3,"skipped":0,"pct":18.75},"branches":{"total":2,"covered":0,"skipped":0,"pct":0}}
,"/Users/orie/Desktop/Work/vc-jwt-sd/src/YAML-SD/constants.ts": {"lines":{"total":3,"covered":3,"skipped":0,"pct":100},"functions":{"total":0,"covered":0,"skipped":0,"pct":100},"statements":{"total":3,"covered":3,"skipped":0,"pct":100},"branches":{"total":0,"covered":0,"skipped":0,"pct":100}}
,"/Users/orie/Desktop/Work/vc-jwt-sd/src/YAML-SD/disclose.ts": {"lines":{"total":67,"covered":23,"skipped":0,"pct":34.32},"functions":{"total":9,"covered":3,"skipped":0,"pct":33.33},"statements":{"total":67,"covered":23,"skipped":0,"pct":34.32},"branches":{"total":31,"covered":7,"skipped":0,"pct":22.58}}
,"/Users/orie/Desktop/Work/vc-jwt-sd/src/YAML-SD/index.ts": {"lines":{"total":7,"covered":5,"skipped":0,"pct":71.42},"functions":{"total":3,"covered":1,"skipped":0,"pct":33.33},"statements":{"total":7,"covered":5,"skipped":0,"pct":71.42},"branches":{"total":0,"covered":0,"skipped":0,"pct":100}}
,"/Users/orie/Desktop/Work/vc-jwt-sd/src/YAML-SD/issuancePayload.ts": {"lines":{"total":67,"covered":65,"skipped":0,"pct":97.01},"functions":{"total":15,"covered":15,"skipped":0,"pct":100},"statements":{"total":72,"covered":70,"skipped":0,"pct":97.22},"branches":{"total":20,"covered":19,"skipped":0,"pct":95}}
,"/Users/orie/Desktop/Work/vc-jwt-sd/src/YAML-SD/parseCustomTags.ts": {"lines":{"total":5,"covered":5,"skipped":0,"pct":100},"functions":{"total":2,"covered":2,"skipped":0,"pct":100},"statements":{"total":5,"covered":5,"skipped":0,"pct":100},"branches":{"total":0,"covered":0,"skipped":0,"pct":100}}
,"/Users/orie/Desktop/Work/vc-jwt-sd/src/YAML-SD/serializeDisclosure.ts": {"lines":{"total":22,"covered":22,"skipped":0,"pct":100},"functions":{"total":4,"covered":4,"skipped":0,"pct":100},"statements":{"total":24,"covered":24,"skipped":0,"pct":100},"branches":{"total":11,"covered":11,"skipped":0,"pct":100}}
,"/Users/orie/Desktop/Work/vc-jwt-sd/src/YAML-SD/tokenToSchema.ts": {"lines":{"total":87,"covered":72,"skipped":0,"pct":82.75},"functions":{"total":4,"covered":4,"skipped":0,"pct":100},"statements":{"total":88,"covered":73,"skipped":0,"pct":82.95},"branches":{"total":30,"covered":25,"skipped":0,"pct":83.33}}
,"/Users/orie/Desktop/Work/vc-jwt-sd/src/YAML-SD/walkList.ts": {"lines":{"total":8,"covered":8,"skipped":0,"pct":100},"functions":{"total":1,"covered":1,"skipped":0,"pct":100},"statements":{"total":8,"covered":8,"skipped":0,"pct":100},"branches":{"total":3,"covered":3,"skipped":0,"pct":100}}
,"/Users/orie/Desktop/Work/vc-jwt-sd/src/YAML-SD/walkMap.ts": {"lines":{"total":9,"covered":8,"skipped":0,"pct":88.88},"functions":{"total":1,"covered":1,"skipped":0,"pct":100},"statements":{"total":9,"covered":8,"skipped":0,"pct":88.88},"branches":{"total":4,"covered":3,"skipped":0,"pct":75}}
,"/Users/orie/Desktop/Work/vc-jwt-sd/src/YAML-SD/yamlOptions.ts": {"lines":{"total":3,"covered":3,"skipped":0,"pct":100},"functions":{"total":1,"covered":1,"skipped":0,"pct":100},"statements":{"total":3,"covered":3,"skipped":0,"pct":100},"branches":{"total":0,"covered":0,"skipped":0,"pct":100}}
,"/Users/orie/Desktop/Work/vc-jwt-sd/src/benchmarking/help.data-integrity.ts": {"lines":{"total":41,"covered":37,"skipped":0,"pct":90.24},"functions":{"total":14,"covered":14,"skipped":0,"pct":100},"statements":{"total":47,"covered":43,"skipped":0,"pct":91.48},"branches":{"total":6,"covered":5,"skipped":0,"pct":83.33}}
,"/Users/orie/Desktop/Work/vc-jwt-sd/src/benchmarking/help.sd-jwt.ts": {"lines":{"total":48,"covered":48,"skipped":0,"pct":100},"functions":{"total":17,"covered":17,"skipped":0,"pct":100},"statements":{"total":54,"covered":54,"skipped":0,"pct":100},"branches":{"total":0,"covered":0,"skipped":0,"pct":100}}
,"/Users/orie/Desktop/Work/vc-jwt-sd/src/benchmarking/help.sd.ts": {"lines":{"total":58,"covered":58,"skipped":0,"pct":100},"functions":{"total":11,"covered":11,"skipped":0,"pct":100},"statements":{"total":60,"covered":60,"skipped":0,"pct":100},"branches":{"total":6,"covered":6,"skipped":0,"pct":100}}
,"/Users/orie/Desktop/Work/vc-jwt-sd/src/interoperability/settings.ts": {"lines":{"total":1,"covered":1,"skipped":0,"pct":100},"functions":{"total":0,"covered":0,"skipped":0,"pct":100},"statements":{"total":1,"covered":1,"skipped":0,"pct":100},"branches":{"total":0,"covered":0,"skipped":0,"pct":100}}
,"/Users/orie/Desktop/Work/vc-jwt-sd/src/interoperability/testcase.ts": {"lines":{"total":61,"covered":57,"skipped":0,"pct":93.44},"functions":{"total":13,"covered":12,"skipped":0,"pct":92.3},"statements":{"total":61,"covered":57,"skipped":0,"pct":93.44},"branches":{"total":17,"covered":13,"skipped":0,"pct":76.47}}
}
